c:\users\swak\onedrive\desktop\new folder\pure-engine\build\game_application.dir\debug\vc142.pdb
c:\users\swak\onedrive\desktop\new folder\pure-engine\build\game_application.dir\debug\imgui_impl_opengl3.obj
c:\users\swak\onedrive\desktop\new folder\pure-engine\build\game_application.dir\debug\imgui_impl_glfw.obj
c:\users\swak\onedrive\desktop\new folder\pure-engine\build\game_application.dir\debug\imgui_widgets.obj
c:\users\swak\onedrive\desktop\new folder\pure-engine\build\game_application.dir\debug\imgui_draw.obj
c:\users\swak\onedrive\desktop\new folder\pure-engine\build\game_application.dir\debug\imgui_demo.obj
c:\users\swak\onedrive\desktop\new folder\pure-engine\build\game_application.dir\debug\imgui.obj
c:\users\swak\onedrive\desktop\new folder\pure-engine\build\game_application.dir\debug\screenshot.obj
c:\users\swak\onedrive\desktop\new folder\pure-engine\build\game_application.dir\debug\application.obj
c:\users\swak\onedrive\desktop\new folder\pure-engine\build\game_application.dir\debug\shader.obj
c:\users\swak\onedrive\desktop\new folder\pure-engine\build\game_application.dir\debug\main.obj
c:\users\swak\onedrive\desktop\new folder\pure-engine\build\game_application.dir\debug\gl.obj
c:\users\swak\onedrive\desktop\new folder\pure-engine\build\cmakefiles\generate.stamp
c:\users\swak\onedrive\desktop\new folder\pure-engine\build\debug\game_application.lib
c:\users\swak\onedrive\desktop\new folder\pure-engine\build\debug\game_application.exp
c:\users\swak\onedrive\desktop\new folder\pure-engine\bin\game_application.exe
c:\users\swak\onedrive\desktop\new folder\pure-engine\bin\game_application.ilk
c:\users\swak\onedrive\desktop\new folder\pure-engine\bin\game_application.pdb
c:\users\swak\onedrive\desktop\new folder\pure-engine\build\game_application.dir\debug\game_application.tlog\cl.command.1.tlog
c:\users\swak\onedrive\desktop\new folder\pure-engine\build\game_application.dir\debug\game_application.tlog\cl.read.1.tlog
c:\users\swak\onedrive\desktop\new folder\pure-engine\build\game_application.dir\debug\game_application.tlog\cl.write.1.tlog
c:\users\swak\onedrive\desktop\new folder\pure-engine\build\game_application.dir\debug\game_application.tlog\custombuild.command.1.tlog
c:\users\swak\onedrive\desktop\new folder\pure-engine\build\game_application.dir\debug\game_application.tlog\custombuild.read.1.tlog
c:\users\swak\onedrive\desktop\new folder\pure-engine\build\game_application.dir\debug\game_application.tlog\custombuild.write.1.tlog
c:\users\swak\onedrive\desktop\new folder\pure-engine\build\game_application.dir\debug\game_application.tlog\game_application.write.1u.tlog
c:\users\swak\onedrive\desktop\new folder\pure-engine\build\game_application.dir\debug\game_application.tlog\link.command.1.tlog
c:\users\swak\onedrive\desktop\new folder\pure-engine\build\game_application.dir\debug\game_application.tlog\link.read.1.tlog
c:\users\swak\onedrive\desktop\new folder\pure-engine\build\game_application.dir\debug\game_application.tlog\link.write.1.tlog
